WARNING:root:\u041d\u0435 \u0432\u0434\u0430\u043b\u043e\u0441\u044f \u043e\u0431\u0440\u043e\u0431\u0438\u0442\u0438 \u0435\u043f\u0456\u0437\u043e\u0434 1: 'dict' object has no attribute 'startswith'
WARNING:root:\u041d\u0435 \u0432\u0434\u0430\u043b\u043e\u0441\u044f \u043e\u0431\u0440\u043e\u0431\u0438\u0442\u0438 \u0435\u043f\u0456\u0437\u043e\u0434 2: 'dict' object has no attribute 'startswith'
WARNING:root:\u041d\u0435 \u0432\u0434\u0430\u043b\u043e\u0441\u044f \u043e\u0431\u0440\u043e\u0431\u0438\u0442\u0438 \u0435\u043f\u0456\u0437\u043e\u0434 3: 'dict' object has no attribute 'startswith'
WARNING:root:\u041d\u0435 \u0432\u0434\u0430\u043b\u043e\u0441\u044f \u043e\u0431\u0440\u043e\u0431\u0438\u0442\u0438 \u0435\u043f\u0456\u0437\u043e\u0434 4: 'dict' object has no attribute 'startswith'
WARNING:root:\u041d\u0435 \u0432\u0434\u0430\u043b\u043e\u0441\u044f \u043e\u0431\u0440\u043e\u0431\u0438\u0442\u0438 \u0435\u043f\u0456\u0437\u043e\u0434 5: 'dict' object has no attribute 'startswith'
WARNING:root:\u041d\u0435 \u0432\u0434\u0430\u043b\u043e\u0441\u044f \u043e\u0431\u0440\u043e\u0431\u0438\u0442\u0438 \u0435\u043f\u0456\u0437\u043e\u0434 6: 'dict' object has no attribute 'startswith'
WARNING:root:\u041d\u0435 \u0432\u0434\u0430\u043b\u043e\u0441\u044f \u043e\u0431\u0440\u043e\u0431\u0438\u0442\u0438 \u0435\u043f\u0456\u0437\u043e\u0434 7: 'dict' object has no attribute 'startswith'
WARNING:root:\u041d\u0435 \u0432\u0434\u0430\u043b\u043e\u0441\u044f \u043e\u0431\u0440\u043e\u0431\u0438\u0442\u0438 \u0435\u043f\u0456\u0437\u043e\u0434 8: 'dict' object has no attribute 'startswith'
WARNING:root:\u041d\u0435 \u0432\u0434\u0430\u043b\u043e\u0441\u044f \u043e\u0431\u0440\u043e\u0431\u0438\u0442\u0438 \u0435\u043f\u0456\u0437\u043e\u0434 1: 'dict' object has no attribute 'startswith'
WARNING:root:\u041d\u0435 \u0432\u0434\u0430\u043b\u043e\u0441\u044f \u043e\u0431\u0440\u043e\u0431\u0438\u0442\u0438 \u0435\u043f\u0456\u0437\u043e\u0434 2: 'dict' object has no attribute 'startswith'
WARNING:root:\u041d\u0435 \u0432\u0434\u0430\u043b\u043e\u0441\u044f \u043e\u0431\u0440\u043e\u0431\u0438\u0442\u0438 \u0435\u043f\u0456\u0437\u043e\u0434 3: 'dict' object has no attribute 'startswith'
WARNING:root:\u041d\u0435 \u0432\u0434\u0430\u043b\u043e\u0441\u044f \u043e\u0431\u0440\u043e\u0431\u0438\u0442\u0438 \u0435\u043f\u0456\u0437\u043e\u0434 4: 'dict' object has no attribute 'startswith'
WARNING:root:\u041d\u0435 \u0432\u0434\u0430\u043b\u043e\u0441\u044f \u043e\u0431\u0440\u043e\u0431\u0438\u0442\u0438 \u0435\u043f\u0456\u0437\u043e\u0434 5: 'dict' object has no attribute 'startswith'
WARNING:root:\u041d\u0435 \u0432\u0434\u0430\u043b\u043e\u0441\u044f \u043e\u0431\u0440\u043e\u0431\u0438\u0442\u0438 \u0435\u043f\u0456\u0437\u043e\u0434 6: 'dict' object has no attribute 'startswith'
WARNING:root:\u041d\u0435 \u0432\u0434\u0430\u043b\u043e\u0441\u044f \u043e\u0431\u0440\u043e\u0431\u0438\u0442\u0438 \u0435\u043f\u0456\u0437\u043e\u0434 7: 'dict' object has no attribute 'startswith'
WARNING:root:\u041d\u0435 \u0432\u0434\u0430\u043b\u043e\u0441\u044f \u043e\u0431\u0440\u043e\u0431\u0438\u0442\u0438 \u0435\u043f\u0456\u0437\u043e\u0434 8: 'dict' object has no attribute 'startswith'
WARNING:root:\u041d\u0435 \u0432\u0434\u0430\u043b\u043e\u0441\u044f \u043e\u0431\u0440\u043e\u0431\u0438\u0442\u0438 \u0435\u043f\u0456\u0437\u043e\u0434 9: 'dict' object has no attribute 'startswith'
WARNING:root:\u041d\u0435 \u0432\u0434\u0430\u043b\u043e\u0441\u044f \u043e\u0431\u0440\u043e\u0431\u0438\u0442\u0438 \u0435\u043f\u0456\u0437\u043e\u0434 10: 'dict' object has no attribute 'startswith'
WARNING:root:\u041d\u0435 \u0432\u0434\u0430\u043b\u043e\u0441\u044f \u043e\u0431\u0440\u043e\u0431\u0438\u0442\u0438 \u0435\u043f\u0456\u0437\u043e\u0434 11: 'dict' object has no attribute 'startswith'
WARNING:root:\u041d\u0435 \u0432\u0434\u0430\u043b\u043e\u0441\u044f \u043e\u0431\u0440\u043e\u0431\u0438\u0442\u0438 \u0435\u043f\u0456\u0437\u043e\u0434 12: 'dict' object has no attribute 'startswith'
WARNING:root:\u041d\u0435 \u0432\u0434\u0430\u043b\u043e\u0441\u044f \u043e\u0431\u0440\u043e\u0431\u0438\u0442\u0438 \u0435\u043f\u0456\u0437\u043e\u0434 13: 'dict' object has no attribute 'startswith'
WARNING:root:\u041d\u0435 \u0432\u0434\u0430\u043b\u043e\u0441\u044f \u043e\u0431\u0440\u043e\u0431\u0438\u0442\u0438 \u0435\u043f\u0456\u0437\u043e\u0434 1: 'dict' object has no attribute 'startswith'
WARNING:root:\u041d\u0435 \u0432\u0434\u0430\u043b\u043e\u0441\u044f \u043e\u0431\u0440\u043e\u0431\u0438\u0442\u0438 \u0435\u043f\u0456\u0437\u043e\u0434 2: 'dict' object has no attribute 'startswith'
WARNING:root:\u041d\u0435 \u0432\u0434\u0430\u043b\u043e\u0441\u044f \u043e\u0431\u0440\u043e\u0431\u0438\u0442\u0438 \u0435\u043f\u0456\u0437\u043e\u0434 3: 'dict' object has no attribute 'startswith'
WARNING:root:\u041d\u0435 \u0432\u0434\u0430\u043b\u043e\u0441\u044f \u043e\u0431\u0440\u043e\u0431\u0438\u0442\u0438 \u0435\u043f\u0456\u0437\u043e\u0434 4: 'dict' object has no attribute 'startswith'
WARNING:root:\u041d\u0435 \u0432\u0434\u0430\u043b\u043e\u0441\u044f \u043e\u0431\u0440\u043e\u0431\u0438\u0442\u0438 \u0435\u043f\u0456\u0437\u043e\u0434 5: 'dict' object has no attribute 'startswith'
WARNING:root:\u041d\u0435 \u0432\u0434\u0430\u043b\u043e\u0441\u044f \u043e\u0431\u0440\u043e\u0431\u0438\u0442\u0438 \u0435\u043f\u0456\u0437\u043e\u0434 6: 'dict' object has no attribute 'startswith'
WARNING:root:\u041d\u0435 \u0432\u0434\u0430\u043b\u043e\u0441\u044f \u043e\u0431\u0440\u043e\u0431\u0438\u0442\u0438 \u0435\u043f\u0456\u0437\u043e\u0434 7: 'dict' object has no attribute 'startswith'
WARNING:root:\u041d\u0435 \u0432\u0434\u0430\u043b\u043e\u0441\u044f \u043e\u0431\u0440\u043e\u0431\u0438\u0442\u0438 \u0435\u043f\u0456\u0437\u043e\u0434 1: 'dict' object has no attribute 'startswith'
WARNING:root:\u041d\u0435 \u0432\u0434\u0430\u043b\u043e\u0441\u044f \u043e\u0431\u0440\u043e\u0431\u0438\u0442\u0438 \u0435\u043f\u0456\u0437\u043e\u0434 2: 'dict' object has no attribute 'startswith'
WARNING:root:\u041d\u0435 \u0432\u0434\u0430\u043b\u043e\u0441\u044f \u043e\u0431\u0440\u043e\u0431\u0438\u0442\u0438 \u0435\u043f\u0456\u0437\u043e\u0434 3: 'dict' object has no attribute 'startswith'
WARNING:root:\u041d\u0435 \u0432\u0434\u0430\u043b\u043e\u0441\u044f \u043e\u0431\u0440\u043e\u0431\u0438\u0442\u0438 \u0435\u043f\u0456\u0437\u043e\u0434 4: 'dict' object has no attribute 'startswith'
WARNING:root:\u041d\u0435 \u0432\u0434\u0430\u043b\u043e\u0441\u044f \u043e\u0431\u0440\u043e\u0431\u0438\u0442\u0438 \u0435\u043f\u0456\u0437\u043e\u0434 5: 'dict' object has no attribute 'startswith'
WARNING:root:\u041d\u0435 \u0432\u0434\u0430\u043b\u043e\u0441\u044f \u043e\u0431\u0440\u043e\u0431\u0438\u0442\u0438 \u0435\u043f\u0456\u0437\u043e\u0434 6: 'dict' object has no attribute 'startswith'
WARNING:root:\u041d\u0435 \u0432\u0434\u0430\u043b\u043e\u0441\u044f \u043e\u0431\u0440\u043e\u0431\u0438\u0442\u0438 \u0435\u043f\u0456\u0437\u043e\u0434 7: 'dict' object has no attribute 'startswith'
WARNING:root:\u041d\u0435 \u0432\u0434\u0430\u043b\u043e\u0441\u044f \u043e\u0431\u0440\u043e\u0431\u0438\u0442\u0438 \u0435\u043f\u0456\u0437\u043e\u0434 1: 'dict' object has no attribute 'startswith'
WARNING:root:\u041d\u0435 \u0432\u0434\u0430\u043b\u043e\u0441\u044f \u043e\u0431\u0440\u043e\u0431\u0438\u0442\u0438 \u0435\u043f\u0456\u0437\u043e\u0434 2: 'dict' object has no attribute 'startswith'
WARNING:root:\u041d\u0435 \u0432\u0434\u0430\u043b\u043e\u0441\u044f \u043e\u0431\u0440\u043e\u0431\u0438\u0442\u0438 \u0435\u043f\u0456\u0437\u043e\u0434 3: 'dict' object has no attribute 'startswith'
WARNING:root:\u041d\u0435 \u0432\u0434\u0430\u043b\u043e\u0441\u044f \u043e\u0431\u0440\u043e\u0431\u0438\u0442\u0438 \u0435\u043f\u0456\u0437\u043e\u0434 4: 'dict' object has no attribute 'startswith'
WARNING:root:\u041d\u0435 \u0432\u0434\u0430\u043b\u043e\u0441\u044f \u043e\u0431\u0440\u043e\u0431\u0438\u0442\u0438 \u0435\u043f\u0456\u0437\u043e\u0434 5: 'dict' object has no attribute 'startswith'
WARNING:root:\u041d\u0435 \u0432\u0434\u0430\u043b\u043e\u0441\u044f \u043e\u0431\u0440\u043e\u0431\u0438\u0442\u0438 \u0435\u043f\u0456\u0437\u043e\u0434 6: 'dict' object has no attribute 'startswith'
WARNING:root:\u041d\u0435 \u0432\u0434\u0430\u043b\u043e\u0441\u044f \u043e\u0431\u0440\u043e\u0431\u0438\u0442\u0438 \u0435\u043f\u0456\u0437\u043e\u0434 7: 'dict' object has no attribute 'startswith'
WARNING:root:\u041d\u0435 \u0432\u0434\u0430\u043b\u043e\u0441\u044f \u043e\u0431\u0440\u043e\u0431\u0438\u0442\u0438 \u0435\u043f\u0456\u0437\u043e\u0434 1: 'dict' object has no attribute 'startswith'
WARNING:root:\u041d\u0435 \u0432\u0434\u0430\u043b\u043e\u0441\u044f \u043e\u0431\u0440\u043e\u0431\u0438\u0442\u0438 \u0435\u043f\u0456\u0437\u043e\u0434 2: 'dict' object has no attribute 'startswith'
WARNING:root:\u041d\u0435 \u0432\u0434\u0430\u043b\u043e\u0441\u044f \u043e\u0431\u0440\u043e\u0431\u0438\u0442\u0438 \u0435\u043f\u0456\u0437\u043e\u0434 3: 'dict' object has no attribute 'startswith'
WARNING:root:\u041d\u0435 \u0432\u0434\u0430\u043b\u043e\u0441\u044f \u043e\u0431\u0440\u043e\u0431\u0438\u0442\u0438 \u0435\u043f\u0456\u0437\u043e\u0434 4: 'dict' object has no attribute 'startswith'
WARNING:root:\u041d\u0435 \u0432\u0434\u0430\u043b\u043e\u0441\u044f \u043e\u0431\u0440\u043e\u0431\u0438\u0442\u0438 \u0435\u043f\u0456\u0437\u043e\u0434 5: 'dict' object has no attribute 'startswith'
WARNING:root:\u041d\u0435 \u0432\u0434\u0430\u043b\u043e\u0441\u044f \u043e\u0431\u0440\u043e\u0431\u0438\u0442\u0438 \u0435\u043f\u0456\u0437\u043e\u0434 6: 'dict' object has no attribute 'startswith'
WARNING:root:\u041d\u0435 \u0432\u0434\u0430\u043b\u043e\u0441\u044f \u043e\u0431\u0440\u043e\u0431\u0438\u0442\u0438 \u0435\u043f\u0456\u0437\u043e\u0434 7: 'dict' object has no attribute 'startswith'
WARNING:root:\u041d\u0435 \u0432\u0434\u0430\u043b\u043e\u0441\u044f \u043e\u0431\u0440\u043e\u0431\u0438\u0442\u0438 \u0435\u043f\u0456\u0437\u043e\u0434 1: 'dict' object has no attribute 'startswith'
WARNING:root:\u041d\u0435 \u0432\u0434\u0430\u043b\u043e\u0441\u044f \u043e\u0431\u0440\u043e\u0431\u0438\u0442\u0438 \u0435\u043f\u0456\u0437\u043e\u0434 2: 'dict' object has no attribute 'startswith'
WARNING:root:\u041d\u0435 \u0432\u0434\u0430\u043b\u043e\u0441\u044f \u043e\u0431\u0440\u043e\u0431\u0438\u0442\u0438 \u0435\u043f\u0456\u0437\u043e\u0434 3: 'dict' object has no attribute 'startswith'
WARNING:root:\u041d\u0435 \u0432\u0434\u0430\u043b\u043e\u0441\u044f \u043e\u0431\u0440\u043e\u0431\u0438\u0442\u0438 \u0435\u043f\u0456\u0437\u043e\u0434 4: 'dict' object has no attribute 'startswith'
WARNING:root:\u041d\u0435 \u0432\u0434\u0430\u043b\u043e\u0441\u044f \u043e\u0431\u0440\u043e\u0431\u0438\u0442\u0438 \u0435\u043f\u0456\u0437\u043e\u0434 5: 'dict' object has no attribute 'startswith'
WARNING:root:\u041d\u0435 \u0432\u0434\u0430\u043b\u043e\u0441\u044f \u043e\u0431\u0440\u043e\u0431\u0438\u0442\u0438 \u0435\u043f\u0456\u0437\u043e\u0434 6: 'dict' object has no attribute 'startswith'
WARNING:root:\u041d\u0435 \u0432\u0434\u0430\u043b\u043e\u0441\u044f \u043e\u0431\u0440\u043e\u0431\u0438\u0442\u0438 \u0435\u043f\u0456\u0437\u043e\u0434 7: 'dict' object has no attribute 'startswith'
WARNING:root:\u041d\u0435 \u0432\u0434\u0430\u043b\u043e\u0441\u044f \u043e\u0431\u0440\u043e\u0431\u0438\u0442\u0438 \u0435\u043f\u0456\u0437\u043e\u0434 8: 'dict' object has no attribute 'startswith'
WARNING:root:\u041d\u0435 \u0432\u0434\u0430\u043b\u043e\u0441\u044f \u043e\u0431\u0440\u043e\u0431\u0438\u0442\u0438 \u0435\u043f\u0456\u0437\u043e\u0434 1: 'dict' object has no attribute 'startswith'
WARNING:root:\u041d\u0435 \u0432\u0434\u0430\u043b\u043e\u0441\u044f \u043e\u0431\u0440\u043e\u0431\u0438\u0442\u0438 \u0435\u043f\u0456\u0437\u043e\u0434 2: 'dict' object has no attribute 'startswith'
WARNING:root:\u041d\u0435 \u0432\u0434\u0430\u043b\u043e\u0441\u044f \u043e\u0431\u0440\u043e\u0431\u0438\u0442\u0438 \u0435\u043f\u0456\u0437\u043e\u0434 3: 'dict' object has no attribute 'startswith'
WARNING:root:\u041d\u0435 \u0432\u0434\u0430\u043b\u043e\u0441\u044f \u043e\u0431\u0440\u043e\u0431\u0438\u0442\u0438 \u0435\u043f\u0456\u0437\u043e\u0434 4: 'dict' object has no attribute 'startswith'
WARNING:root:\u041d\u0435 \u0432\u0434\u0430\u043b\u043e\u0441\u044f \u043e\u0431\u0440\u043e\u0431\u0438\u0442\u0438 \u0435\u043f\u0456\u0437\u043e\u0434 5: 'dict' object has no attribute 'startswith'
WARNING:root:\u041d\u0435 \u0432\u0434\u0430\u043b\u043e\u0441\u044f \u043e\u0431\u0440\u043e\u0431\u0438\u0442\u0438 \u0435\u043f\u0456\u0437\u043e\u0434 6: 'dict' object has no attribute 'startswith'
WARNING:root:\u041d\u0435 \u0432\u0434\u0430\u043b\u043e\u0441\u044f \u043e\u0431\u0440\u043e\u0431\u0438\u0442\u0438 \u0435\u043f\u0456\u0437\u043e\u0434 7: 'dict' object has no attribute 'startswith'
WARNING:root:\u041d\u0435 \u0432\u0434\u0430\u043b\u043e\u0441\u044f \u043e\u0431\u0440\u043e\u0431\u0438\u0442\u0438 \u0435\u043f\u0456\u0437\u043e\u0434 8: 'dict' object has no attribute 'startswith'
WARNING:root:\u041d\u0435 \u0432\u0434\u0430\u043b\u043e\u0441\u044f \u043e\u0431\u0440\u043e\u0431\u0438\u0442\u0438 \u0435\u043f\u0456\u0437\u043e\u0434 1: 'dict' object has no attribute 'startswith'
WARNING:root:\u041d\u0435 \u0432\u0434\u0430\u043b\u043e\u0441\u044f \u043e\u0431\u0440\u043e\u0431\u0438\u0442\u0438 \u0435\u043f\u0456\u0437\u043e\u0434 2: 'dict' object has no attribute 'startswith'
WARNING:root:\u041d\u0435 \u0432\u0434\u0430\u043b\u043e\u0441\u044f \u043e\u0431\u0440\u043e\u0431\u0438\u0442\u0438 \u0435\u043f\u0456\u0437\u043e\u0434 3: 'dict' object has no attribute 'startswith'
WARNING:root:\u041d\u0435 \u0432\u0434\u0430\u043b\u043e\u0441\u044f \u043e\u0431\u0440\u043e\u0431\u0438\u0442\u0438 \u0435\u043f\u0456\u0437\u043e\u0434 4: 'dict' object has no attribute 'startswith'
WARNING:root:\u041d\u0435 \u0432\u0434\u0430\u043b\u043e\u0441\u044f \u043e\u0431\u0440\u043e\u0431\u0438\u0442\u0438 \u0435\u043f\u0456\u0437\u043e\u0434 5: 'dict' object has no attribute 'startswith'
WARNING:root:\u041d\u0435 \u0432\u0434\u0430\u043b\u043e\u0441\u044f \u043e\u0431\u0440\u043e\u0431\u0438\u0442\u0438 \u0435\u043f\u0456\u0437\u043e\u0434 6: 'dict' object has no attribute 'startswith'
WARNING:root:\u041d\u0435 \u0432\u0434\u0430\u043b\u043e\u0441\u044f \u043e\u0431\u0440\u043e\u0431\u0438\u0442\u0438 \u0435\u043f\u0456\u0437\u043e\u0434 7: 'dict' object has no attribute 'startswith'
WARNING:root:\u041d\u0435 \u0432\u0434\u0430\u043b\u043e\u0441\u044f \u043e\u0431\u0440\u043e\u0431\u0438\u0442\u0438 \u0435\u043f\u0456\u0437\u043e\u0434 8: 'dict' object has no attribute 'startswith'
WARNING:root:\u041d\u0435 \u0432\u0434\u0430\u043b\u043e\u0441\u044f \u043e\u0431\u0440\u043e\u0431\u0438\u0442\u0438 \u0435\u043f\u0456\u0437\u043e\u0434 1: 'dict' object has no attribute 'startswith'
WARNING:root:\u041d\u0435 \u0432\u0434\u0430\u043b\u043e\u0441\u044f \u043e\u0431\u0440\u043e\u0431\u0438\u0442\u0438 \u0435\u043f\u0456\u0437\u043e\u0434 2: 'dict' object has no attribute 'startswith'
WARNING:root:\u041d\u0435 \u0432\u0434\u0430\u043b\u043e\u0441\u044f \u043e\u0431\u0440\u043e\u0431\u0438\u0442\u0438 \u0435\u043f\u0456\u0437\u043e\u0434 3: 'dict' object has no attribute 'startswith'
WARNING:root:\u041d\u0435 \u0432\u0434\u0430\u043b\u043e\u0441\u044f \u043e\u0431\u0440\u043e\u0431\u0438\u0442\u0438 \u0435\u043f\u0456\u0437\u043e\u0434 4: 'dict' object has no attribute 'startswith'
WARNING:root:\u041d\u0435 \u0432\u0434\u0430\u043b\u043e\u0441\u044f \u043e\u0431\u0440\u043e\u0431\u0438\u0442\u0438 \u0435\u043f\u0456\u0437\u043e\u0434 5: 'dict' object has no attribute 'startswith'
WARNING:root:\u041d\u0435 \u0432\u0434\u0430\u043b\u043e\u0441\u044f \u043e\u0431\u0440\u043e\u0431\u0438\u0442\u0438 \u0435\u043f\u0456\u0437\u043e\u0434 6: 'dict' object has no attribute 'startswith'
WARNING:root:\u041d\u0435 \u0432\u0434\u0430\u043b\u043e\u0441\u044f \u043e\u0431\u0440\u043e\u0431\u0438\u0442\u0438 \u0435\u043f\u0456\u0437\u043e\u0434 7: 'dict' object has no attribute 'startswith'
WARNING:root:\u041d\u0435 \u0432\u0434\u0430\u043b\u043e\u0441\u044f \u043e\u0431\u0440\u043e\u0431\u0438\u0442\u0438 \u0435\u043f\u0456\u0437\u043e\u0434 8: 'dict' object has no attribute 'startswith'
WARNING:root:\u041d\u0435 \u0432\u0434\u0430\u043b\u043e\u0441\u044f \u043e\u0431\u0440\u043e\u0431\u0438\u0442\u0438 \u0435\u043f\u0456\u0437\u043e\u0434 9: 'dict' object has no attribute 'startswith'
WARNING:root:\u041d\u0435 \u0432\u0434\u0430\u043b\u043e\u0441\u044f \u043e\u0431\u0440\u043e\u0431\u0438\u0442\u0438 \u0435\u043f\u0456\u0437\u043e\u0434 10: 'dict' object has no attribute 'startswith'
WARNING:root:\u041d\u0435 \u0432\u0434\u0430\u043b\u043e\u0441\u044f \u043e\u0431\u0440\u043e\u0431\u0438\u0442\u0438 \u0435\u043f\u0456\u0437\u043e\u0434 11: 'dict' object has no attribute 'startswith'
WARNING:root:\u041d\u0435 \u0432\u0434\u0430\u043b\u043e\u0441\u044f \u043e\u0431\u0440\u043e\u0431\u0438\u0442\u0438 \u0435\u043f\u0456\u0437\u043e\u0434 12: 'dict' object has no attribute 'startswith'
WARNING:root:\u041d\u0435 \u0432\u0434\u0430\u043b\u043e\u0441\u044f \u043e\u0431\u0440\u043e\u0431\u0438\u0442\u0438 \u0435\u043f\u0456\u0437\u043e\u0434 13: 'dict' object has no attribute 'startswith'
WARNING:root:\u041d\u0435 \u0432\u0434\u0430\u043b\u043e\u0441\u044f \u043e\u0431\u0440\u043e\u0431\u0438\u0442\u0438 \u0435\u043f\u0456\u0437\u043e\u0434 1: 'dict' object has no attribute 'startswith'
WARNING:root:\u041d\u0435 \u0432\u0434\u0430\u043b\u043e\u0441\u044f \u043e\u0431\u0440\u043e\u0431\u0438\u0442\u0438 \u0435\u043f\u0456\u0437\u043e\u0434 2: 'dict' object has no attribute 'startswith'
WARNING:root:\u041d\u0435 \u0432\u0434\u0430\u043b\u043e\u0441\u044f \u043e\u0431\u0440\u043e\u0431\u0438\u0442\u0438 \u0435\u043f\u0456\u0437\u043e\u0434 3: 'dict' object has no attribute 'startswith'
WARNING:root:\u041d\u0435 \u0432\u0434\u0430\u043b\u043e\u0441\u044f \u043e\u0431\u0440\u043e\u0431\u0438\u0442\u0438 \u0435\u043f\u0456\u0437\u043e\u0434 4: 'dict' object has no attribute 'startswith'
WARNING:root:\u041d\u0435 \u0432\u0434\u0430\u043b\u043e\u0441\u044f \u043e\u0431\u0440\u043e\u0431\u0438\u0442\u0438 \u0435\u043f\u0456\u0437\u043e\u0434 5: 'dict' object has no attribute 'startswith'
WARNING:root:\u041d\u0435 \u0432\u0434\u0430\u043b\u043e\u0441\u044f \u043e\u0431\u0440\u043e\u0431\u0438\u0442\u0438 \u0435\u043f\u0456\u0437\u043e\u0434 6: 'dict' object has no attribute 'startswith'
WARNING:root:\u041d\u0435 \u0432\u0434\u0430\u043b\u043e\u0441\u044f \u043e\u0431\u0440\u043e\u0431\u0438\u0442\u0438 \u0435\u043f\u0456\u0437\u043e\u0434 7: 'dict' object has no attribute 'startswith'
WARNING:root:\u041d\u0435 \u0432\u0434\u0430\u043b\u043e\u0441\u044f \u043e\u0431\u0440\u043e\u0431\u0438\u0442\u0438 \u0435\u043f\u0456\u0437\u043e\u0434 1: 'dict' object has no attribute 'startswith'
WARNING:root:\u041d\u0435 \u0432\u0434\u0430\u043b\u043e\u0441\u044f \u043e\u0431\u0440\u043e\u0431\u0438\u0442\u0438 \u0435\u043f\u0456\u0437\u043e\u0434 2: 'dict' object has no attribute 'startswith'
WARNING:root:\u041d\u0435 \u0432\u0434\u0430\u043b\u043e\u0441\u044f \u043e\u0431\u0440\u043e\u0431\u0438\u0442\u0438 \u0435\u043f\u0456\u0437\u043e\u0434 3: 'dict' object has no attribute 'startswith'
WARNING:root:\u041d\u0435 \u0432\u0434\u0430\u043b\u043e\u0441\u044f \u043e\u0431\u0440\u043e\u0431\u0438\u0442\u0438 \u0435\u043f\u0456\u0437\u043e\u0434 4: 'dict' object has no attribute 'startswith'
WARNING:root:\u041d\u0435 \u0432\u0434\u0430\u043b\u043e\u0441\u044f \u043e\u0431\u0440\u043e\u0431\u0438\u0442\u0438 \u0435\u043f\u0456\u0437\u043e\u0434 5: 'dict' object has no attribute 'startswith'
WARNING:root:\u041d\u0435 \u0432\u0434\u0430\u043b\u043e\u0441\u044f \u043e\u0431\u0440\u043e\u0431\u0438\u0442\u0438 \u0435\u043f\u0456\u0437\u043e\u0434 6: 'dict' object has no attribute 'startswith'
WARNING:root:\u041d\u0435 \u0432\u0434\u0430\u043b\u043e\u0441\u044f \u043e\u0431\u0440\u043e\u0431\u0438\u0442\u0438 \u0435\u043f\u0456\u0437\u043e\u0434 7: 'dict' object has no attribute 'startswith'
WARNING:root:\u041d\u0435 \u0432\u0434\u0430\u043b\u043e\u0441\u044f \u043e\u0431\u0440\u043e\u0431\u0438\u0442\u0438 \u0435\u043f\u0456\u0437\u043e\u0434 1: 'dict' object has no attribute 'startswith'
WARNING:root:\u041d\u0435 \u0432\u0434\u0430\u043b\u043e\u0441\u044f \u043e\u0431\u0440\u043e\u0431\u0438\u0442\u0438 \u0435\u043f\u0456\u0437\u043e\u0434 2: 'dict' object has no attribute 'startswith'
WARNING:root:\u041d\u0435 \u0432\u0434\u0430\u043b\u043e\u0441\u044f \u043e\u0431\u0440\u043e\u0431\u0438\u0442\u0438 \u0435\u043f\u0456\u0437\u043e\u0434 3: 'dict' object has no attribute 'startswith'
WARNING:root:\u041d\u0435 \u0432\u0434\u0430\u043b\u043e\u0441\u044f \u043e\u0431\u0440\u043e\u0431\u0438\u0442\u0438 \u0435\u043f\u0456\u0437\u043e\u0434 4: 'dict' object has no attribute 'startswith'
WARNING:root:\u041d\u0435 \u0432\u0434\u0430\u043b\u043e\u0441\u044f \u043e\u0431\u0440\u043e\u0431\u0438\u0442\u0438 \u0435\u043f\u0456\u0437\u043e\u0434 5: 'dict' object has no attribute 'startswith'
WARNING:root:\u041d\u0435 \u0432\u0434\u0430\u043b\u043e\u0441\u044f \u043e\u0431\u0440\u043e\u0431\u0438\u0442\u0438 \u0435\u043f\u0456\u0437\u043e\u0434 6: 'dict' object has no attribute 'startswith'
WARNING:root:\u041d\u0435 \u0432\u0434\u0430\u043b\u043e\u0441\u044f \u043e\u0431\u0440\u043e\u0431\u0438\u0442\u0438 \u0435\u043f\u0456\u0437\u043e\u0434 7: 'dict' object has no attribute 'startswith'
WARNING:root:\u041d\u0435 \u0432\u0434\u0430\u043b\u043e\u0441\u044f \u043e\u0431\u0440\u043e\u0431\u0438\u0442\u0438 \u0435\u043f\u0456\u0437\u043e\u0434 1: 'dict' object has no attribute 'startswith'
WARNING:root:\u041d\u0435 \u0432\u0434\u0430\u043b\u043e\u0441\u044f \u043e\u0431\u0440\u043e\u0431\u0438\u0442\u0438 \u0435\u043f\u0456\u0437\u043e\u0434 2: 'dict' object has no attribute 'startswith'
WARNING:root:\u041d\u0435 \u0432\u0434\u0430\u043b\u043e\u0441\u044f \u043e\u0431\u0440\u043e\u0431\u0438\u0442\u0438 \u0435\u043f\u0456\u0437\u043e\u0434 3: 'dict' object has no attribute 'startswith'
WARNING:root:\u041d\u0435 \u0432\u0434\u0430\u043b\u043e\u0441\u044f \u043e\u0431\u0440\u043e\u0431\u0438\u0442\u0438 \u0435\u043f\u0456\u0437\u043e\u0434 4: 'dict' object has no attribute 'startswith'
WARNING:root:\u041d\u0435 \u0432\u0434\u0430\u043b\u043e\u0441\u044f \u043e\u0431\u0440\u043e\u0431\u0438\u0442\u0438 \u0435\u043f\u0456\u0437\u043e\u0434 5: 'dict' object has no attribute 'startswith'
WARNING:root:\u041d\u0435 \u0432\u0434\u0430\u043b\u043e\u0441\u044f \u043e\u0431\u0440\u043e\u0431\u0438\u0442\u0438 \u0435\u043f\u0456\u0437\u043e\u0434 6: 'dict' object has no attribute 'startswith'
WARNING:root:\u041d\u0435 \u0432\u0434\u0430\u043b\u043e\u0441\u044f \u043e\u0431\u0440\u043e\u0431\u0438\u0442\u0438 \u0435\u043f\u0456\u0437\u043e\u0434 7: 'dict' object has no attribute 'startswith'
WARNING:root:\u041d\u0435 \u0432\u0434\u0430\u043b\u043e\u0441\u044f \u043e\u0431\u0440\u043e\u0431\u0438\u0442\u0438 \u0435\u043f\u0456\u0437\u043e\u0434 1: 'dict' object has no attribute 'startswith'
WARNING:root:\u041d\u0435 \u0432\u0434\u0430\u043b\u043e\u0441\u044f \u043e\u0431\u0440\u043e\u0431\u0438\u0442\u0438 \u0435\u043f\u0456\u0437\u043e\u0434 2: 'dict' object has no attribute 'startswith'
WARNING:root:\u041d\u0435 \u0432\u0434\u0430\u043b\u043e\u0441\u044f \u043e\u0431\u0440\u043e\u0431\u0438\u0442\u0438 \u0435\u043f\u0456\u0437\u043e\u0434 3: 'dict' object has no attribute 'startswith'
WARNING:root:\u041d\u0435 \u0432\u0434\u0430\u043b\u043e\u0441\u044f \u043e\u0431\u0440\u043e\u0431\u0438\u0442\u0438 \u0435\u043f\u0456\u0437\u043e\u0434 4: 'dict' object has no attribute 'startswith'
WARNING:root:\u041d\u0435 \u0432\u0434\u0430\u043b\u043e\u0441\u044f \u043e\u0431\u0440\u043e\u0431\u0438\u0442\u0438 \u0435\u043f\u0456\u0437\u043e\u0434 5: 'dict' object has no attribute 'startswith'
WARNING:root:\u041d\u0435 \u0432\u0434\u0430\u043b\u043e\u0441\u044f \u043e\u0431\u0440\u043e\u0431\u0438\u0442\u0438 \u0435\u043f\u0456\u0437\u043e\u0434 6: 'dict' object has no attribute 'startswith'
WARNING:root:\u041d\u0435 \u0432\u0434\u0430\u043b\u043e\u0441\u044f \u043e\u0431\u0440\u043e\u0431\u0438\u0442\u0438 \u0435\u043f\u0456\u0437\u043e\u0434 7: 'dict' object has no attribute 'startswith'
WARNING:root:\u041d\u0435 \u0432\u0434\u0430\u043b\u043e\u0441\u044f \u043e\u0431\u0440\u043e\u0431\u0438\u0442\u0438 \u0435\u043f\u0456\u0437\u043e\u0434 8: 'dict' object has no attribute 'startswith'
WARNING:root:\u041d\u0435 \u0432\u0434\u0430\u043b\u043e\u0441\u044f \u043e\u0431\u0440\u043e\u0431\u0438\u0442\u0438 \u0435\u043f\u0456\u0437\u043e\u0434 1: 'dict' object has no attribute 'startswith'
WARNING:root:\u041d\u0435 \u0432\u0434\u0430\u043b\u043e\u0441\u044f \u043e\u0431\u0440\u043e\u0431\u0438\u0442\u0438 \u0435\u043f\u0456\u0437\u043e\u0434 2: 'dict' object has no attribute 'startswith'
WARNING:root:\u041d\u0435 \u0432\u0434\u0430\u043b\u043e\u0441\u044f \u043e\u0431\u0440\u043e\u0431\u0438\u0442\u0438 \u0435\u043f\u0456\u0437\u043e\u0434 3: 'dict' object has no attribute 'startswith'
WARNING:root:\u041d\u0435 \u0432\u0434\u0430\u043b\u043e\u0441\u044f \u043e\u0431\u0440\u043e\u0431\u0438\u0442\u0438 \u0435\u043f\u0456\u0437\u043e\u0434 4: 'dict' object has no attribute 'startswith'
WARNING:root:\u041d\u0435 \u0432\u0434\u0430\u043b\u043e\u0441\u044f \u043e\u0431\u0440\u043e\u0431\u0438\u0442\u0438 \u0435\u043f\u0456\u0437\u043e\u0434 5: 'dict' object has no attribute 'startswith'
WARNING:root:\u041d\u0435 \u0432\u0434\u0430\u043b\u043e\u0441\u044f \u043e\u0431\u0440\u043e\u0431\u0438\u0442\u0438 \u0435\u043f\u0456\u0437\u043e\u0434 6: 'dict' object has no attribute 'startswith'
WARNING:root:\u041d\u0435 \u0432\u0434\u0430\u043b\u043e\u0441\u044f \u043e\u0431\u0440\u043e\u0431\u0438\u0442\u0438 \u0435\u043f\u0456\u0437\u043e\u0434 7: 'dict' object has no attribute 'startswith'
WARNING:root:\u041d\u0435 \u0432\u0434\u0430\u043b\u043e\u0441\u044f \u043e\u0431\u0440\u043e\u0431\u0438\u0442\u0438 \u0435\u043f\u0456\u0437\u043e\u0434 8: 'dict' object has no attribute 'startswith'
WARNING:root:\u041d\u0435 \u0432\u0434\u0430\u043b\u043e\u0441\u044f \u043e\u0431\u0440\u043e\u0431\u0438\u0442\u0438 \u0435\u043f\u0456\u0437\u043e\u0434 1: 'dict' object has no attribute 'startswith'
WARNING:root:\u041d\u0435 \u0432\u0434\u0430\u043b\u043e\u0441\u044f \u043e\u0431\u0440\u043e\u0431\u0438\u0442\u0438 \u0435\u043f\u0456\u0437\u043e\u0434 2: 'dict' object has no attribute 'startswith'
WARNING:root:\u041d\u0435 \u0432\u0434\u0430\u043b\u043e\u0441\u044f \u043e\u0431\u0440\u043e\u0431\u0438\u0442\u0438 \u0435\u043f\u0456\u0437\u043e\u0434 3: 'dict' object has no attribute 'startswith'
WARNING:root:\u041d\u0435 \u0432\u0434\u0430\u043b\u043e\u0441\u044f \u043e\u0431\u0440\u043e\u0431\u0438\u0442\u0438 \u0435\u043f\u0456\u0437\u043e\u0434 4: 'dict' object has no attribute 'startswith'
WARNING:root:\u041d\u0435 \u0432\u0434\u0430\u043b\u043e\u0441\u044f \u043e\u0431\u0440\u043e\u0431\u0438\u0442\u0438 \u0435\u043f\u0456\u0437\u043e\u0434 5: 'dict' object has no attribute 'startswith'
WARNING:root:\u041d\u0435 \u0432\u0434\u0430\u043b\u043e\u0441\u044f \u043e\u0431\u0440\u043e\u0431\u0438\u0442\u0438 \u0435\u043f\u0456\u0437\u043e\u0434 6: 'dict' object has no attribute 'startswith'
WARNING:root:\u041d\u0435 \u0432\u0434\u0430\u043b\u043e\u0441\u044f \u043e\u0431\u0440\u043e\u0431\u0438\u0442\u0438 \u0435\u043f\u0456\u0437\u043e\u0434 7: 'dict' object has no attribute 'startswith'
WARNING:root:\u041d\u0435 \u0432\u0434\u0430\u043b\u043e\u0441\u044f \u043e\u0431\u0440\u043e\u0431\u0438\u0442\u0438 \u0435\u043f\u0456\u0437\u043e\u0434 8: 'dict' object has no attribute 'startswith'
WARNING:root:\u041d\u0435 \u0432\u0434\u0430\u043b\u043e\u0441\u044f \u043e\u0431\u0440\u043e\u0431\u0438\u0442\u0438 \u0435\u043f\u0456\u0437\u043e\u0434 1: 'dict' object has no attribute 'startswith'
WARNING:root:\u041d\u0435 \u0432\u0434\u0430\u043b\u043e\u0441\u044f \u043e\u0431\u0440\u043e\u0431\u0438\u0442\u0438 \u0435\u043f\u0456\u0437\u043e\u0434 2: 'dict' object has no attribute 'startswith'
WARNING:root:\u041d\u0435 \u0432\u0434\u0430\u043b\u043e\u0441\u044f \u043e\u0431\u0440\u043e\u0431\u0438\u0442\u0438 \u0435\u043f\u0456\u0437\u043e\u0434 3: 'dict' object has no attribute 'startswith'
WARNING:root:\u041d\u0435 \u0432\u0434\u0430\u043b\u043e\u0441\u044f \u043e\u0431\u0440\u043e\u0431\u0438\u0442\u0438 \u0435\u043f\u0456\u0437\u043e\u0434 4: 'dict' object has no attribute 'startswith'
WARNING:root:\u041d\u0435 \u0432\u0434\u0430\u043b\u043e\u0441\u044f \u043e\u0431\u0440\u043e\u0431\u0438\u0442\u0438 \u0435\u043f\u0456\u0437\u043e\u0434 5: 'dict' object has no attribute 'startswith'
WARNING:root:\u041d\u0435 \u0432\u0434\u0430\u043b\u043e\u0441\u044f \u043e\u0431\u0440\u043e\u0431\u0438\u0442\u0438 \u0435\u043f\u0456\u0437\u043e\u0434 6: 'dict' object has no attribute 'startswith'
WARNING:root:\u041d\u0435 \u0432\u0434\u0430\u043b\u043e\u0441\u044f \u043e\u0431\u0440\u043e\u0431\u0438\u0442\u0438 \u0435\u043f\u0456\u0437\u043e\u0434 7: 'dict' object has no attribute 'startswith'
WARNING:root:\u041d\u0435 \u0432\u0434\u0430\u043b\u043e\u0441\u044f \u043e\u0431\u0440\u043e\u0431\u0438\u0442\u0438 \u0435\u043f\u0456\u0437\u043e\u0434 8: 'dict' object has no attribute 'startswith'
WARNING:root:\u041d\u0435 \u0432\u0434\u0430\u043b\u043e\u0441\u044f \u043e\u0431\u0440\u043e\u0431\u0438\u0442\u0438 \u0435\u043f\u0456\u0437\u043e\u0434 9: 'dict' object has no attribute 'startswith'
WARNING:root:\u041d\u0435 \u0432\u0434\u0430\u043b\u043e\u0441\u044f \u043e\u0431\u0440\u043e\u0431\u0438\u0442\u0438 \u0435\u043f\u0456\u0437\u043e\u0434 10: 'dict' object has no attribute 'startswith'
WARNING:root:\u041d\u0435 \u0432\u0434\u0430\u043b\u043e\u0441\u044f \u043e\u0431\u0440\u043e\u0431\u0438\u0442\u0438 \u0435\u043f\u0456\u0437\u043e\u0434 11: 'dict' object has no attribute 'startswith'
WARNING:root:\u041d\u0435 \u0432\u0434\u0430\u043b\u043e\u0441\u044f \u043e\u0431\u0440\u043e\u0431\u0438\u0442\u0438 \u0435\u043f\u0456\u0437\u043e\u0434 12: 'dict' object has no attribute 'startswith'
WARNING:root:\u041d\u0435 \u0432\u0434\u0430\u043b\u043e\u0441\u044f \u043e\u0431\u0440\u043e\u0431\u0438\u0442\u0438 \u0435\u043f\u0456\u0437\u043e\u0434 13: 'dict' object has no attribute 'startswith'
WARNING:root:\u041d\u0435 \u0432\u0434\u0430\u043b\u043e\u0441\u044f \u043e\u0431\u0440\u043e\u0431\u0438\u0442\u0438 \u0435\u043f\u0456\u0437\u043e\u0434 1: 'dict' object has no attribute 'startswith'
WARNING:root:\u041d\u0435 \u0432\u0434\u0430\u043b\u043e\u0441\u044f \u043e\u0431\u0440\u043e\u0431\u0438\u0442\u0438 \u0435\u043f\u0456\u0437\u043e\u0434 2: 'dict' object has no attribute 'startswith'
WARNING:root:\u041d\u0435 \u0432\u0434\u0430\u043b\u043e\u0441\u044f \u043e\u0431\u0440\u043e\u0431\u0438\u0442\u0438 \u0435\u043f\u0456\u0437\u043e\u0434 3: 'dict' object has no attribute 'startswith'
WARNING:root:\u041d\u0435 \u0432\u0434\u0430\u043b\u043e\u0441\u044f \u043e\u0431\u0440\u043e\u0431\u0438\u0442\u0438 \u0435\u043f\u0456\u0437\u043e\u0434 4: 'dict' object has no attribute 'startswith'
WARNING:root:\u041d\u0435 \u0432\u0434\u0430\u043b\u043e\u0441\u044f \u043e\u0431\u0440\u043e\u0431\u0438\u0442\u0438 \u0435\u043f\u0456\u0437\u043e\u0434 5: 'dict' object has no attribute 'startswith'
WARNING:root:\u041d\u0435 \u0432\u0434\u0430\u043b\u043e\u0441\u044f \u043e\u0431\u0440\u043e\u0431\u0438\u0442\u0438 \u0435\u043f\u0456\u0437\u043e\u0434 6: 'dict' object has no attribute 'startswith'
WARNING:root:\u041d\u0435 \u0432\u0434\u0430\u043b\u043e\u0441\u044f \u043e\u0431\u0440\u043e\u0431\u0438\u0442\u0438 \u0435\u043f\u0456\u0437\u043e\u0434 7: 'dict' object has no attribute 'startswith'
WARNING:root:\u041d\u0435 \u0432\u0434\u0430\u043b\u043e\u0441\u044f \u043e\u0431\u0440\u043e\u0431\u0438\u0442\u0438 \u0435\u043f\u0456\u0437\u043e\u0434 1: 'dict' object has no attribute 'startswith'
WARNING:root:\u041d\u0435 \u0432\u0434\u0430\u043b\u043e\u0441\u044f \u043e\u0431\u0440\u043e\u0431\u0438\u0442\u0438 \u0435\u043f\u0456\u0437\u043e\u0434 2: 'dict' object has no attribute 'startswith'
WARNING:root:\u041d\u0435 \u0432\u0434\u0430\u043b\u043e\u0441\u044f \u043e\u0431\u0440\u043e\u0431\u0438\u0442\u0438 \u0435\u043f\u0456\u0437\u043e\u0434 3: 'dict' object has no attribute 'startswith'
WARNING:root:\u041d\u0435 \u0432\u0434\u0430\u043b\u043e\u0441\u044f \u043e\u0431\u0440\u043e\u0431\u0438\u0442\u0438 \u0435\u043f\u0456\u0437\u043e\u0434 4: 'dict' object has no attribute 'startswith'
WARNING:root:\u041d\u0435 \u0432\u0434\u0430\u043b\u043e\u0441\u044f \u043e\u0431\u0440\u043e\u0431\u0438\u0442\u0438 \u0435\u043f\u0456\u0437\u043e\u0434 5: 'dict' object has no attribute 'startswith'
WARNING:root:\u041d\u0435 \u0432\u0434\u0430\u043b\u043e\u0441\u044f \u043e\u0431\u0440\u043e\u0431\u0438\u0442\u0438 \u0435\u043f\u0456\u0437\u043e\u0434 6: 'dict' object has no attribute 'startswith'
WARNING:root:\u041d\u0435 \u0432\u0434\u0430\u043b\u043e\u0441\u044f \u043e\u0431\u0440\u043e\u0431\u0438\u0442\u0438 \u0435\u043f\u0456\u0437\u043e\u0434 7: 'dict' object has no attribute 'startswith'
WARNING:root:\u041d\u0435 \u0432\u0434\u0430\u043b\u043e\u0441\u044f \u043e\u0431\u0440\u043e\u0431\u0438\u0442\u0438 \u0435\u043f\u0456\u0437\u043e\u0434 1: 'dict' object has no attribute 'startswith'
WARNING:root:\u041d\u0435 \u0432\u0434\u0430\u043b\u043e\u0441\u044f \u043e\u0431\u0440\u043e\u0431\u0438\u0442\u0438 \u0435\u043f\u0456\u0437\u043e\u0434 2: 'dict' object has no attribute 'startswith'
WARNING:root:\u041d\u0435 \u0432\u0434\u0430\u043b\u043e\u0441\u044f \u043e\u0431\u0440\u043e\u0431\u0438\u0442\u0438 \u0435\u043f\u0456\u0437\u043e\u0434 3: 'dict' object has no attribute 'startswith'
WARNING:root:\u041d\u0435 \u0432\u0434\u0430\u043b\u043e\u0441\u044f \u043e\u0431\u0440\u043e\u0431\u0438\u0442\u0438 \u0435\u043f\u0456\u0437\u043e\u0434 4: 'dict' object has no attribute 'startswith'
WARNING:root:\u041d\u0435 \u0432\u0434\u0430\u043b\u043e\u0441\u044f \u043e\u0431\u0440\u043e\u0431\u0438\u0442\u0438 \u0435\u043f\u0456\u0437\u043e\u0434 5: 'dict' object has no attribute 'startswith'
WARNING:root:\u041d\u0435 \u0432\u0434\u0430\u043b\u043e\u0441\u044f \u043e\u0431\u0440\u043e\u0431\u0438\u0442\u0438 \u0435\u043f\u0456\u0437\u043e\u0434 6: 'dict' object has no attribute 'startswith'
WARNING:root:\u041d\u0435 \u0432\u0434\u0430\u043b\u043e\u0441\u044f \u043e\u0431\u0440\u043e\u0431\u0438\u0442\u0438 \u0435\u043f\u0456\u0437\u043e\u0434 7: 'dict' object has no attribute 'startswith'
WARNING:root:\u041d\u0435 \u0432\u0434\u0430\u043b\u043e\u0441\u044f \u043e\u0431\u0440\u043e\u0431\u0438\u0442\u0438 \u0435\u043f\u0456\u0437\u043e\u0434 1: 'dict' object has no attribute 'startswith'
WARNING:root:\u041d\u0435 \u0432\u0434\u0430\u043b\u043e\u0441\u044f \u043e\u0431\u0440\u043e\u0431\u0438\u0442\u0438 \u0435\u043f\u0456\u0437\u043e\u0434 2: 'dict' object has no attribute 'startswith'
WARNING:root:\u041d\u0435 \u0432\u0434\u0430\u043b\u043e\u0441\u044f \u043e\u0431\u0440\u043e\u0431\u0438\u0442\u0438 \u0435\u043f\u0456\u0437\u043e\u0434 3: 'dict' object has no attribute 'startswith'
WARNING:root:\u041d\u0435 \u0432\u0434\u0430\u043b\u043e\u0441\u044f \u043e\u0431\u0440\u043e\u0431\u0438\u0442\u0438 \u0435\u043f\u0456\u0437\u043e\u0434 4: 'dict' object has no attribute 'startswith'
WARNING:root:\u041d\u0435 \u0432\u0434\u0430\u043b\u043e\u0441\u044f \u043e\u0431\u0440\u043e\u0431\u0438\u0442\u0438 \u0435\u043f\u0456\u0437\u043e\u0434 5: 'dict' object has no attribute 'startswith'
WARNING:root:\u041d\u0435 \u0432\u0434\u0430\u043b\u043e\u0441\u044f \u043e\u0431\u0440\u043e\u0431\u0438\u0442\u0438 \u0435\u043f\u0456\u0437\u043e\u0434 6: 'dict' object has no attribute 'startswith'
WARNING:root:\u041d\u0435 \u0432\u0434\u0430\u043b\u043e\u0441\u044f \u043e\u0431\u0440\u043e\u0431\u0438\u0442\u0438 \u0435\u043f\u0456\u0437\u043e\u0434 7: 'dict' object has no attribute 'startswith'
WARNING:root:\u041d\u0435 \u0432\u0434\u0430\u043b\u043e\u0441\u044f \u043e\u0431\u0440\u043e\u0431\u0438\u0442\u0438 \u0435\u043f\u0456\u0437\u043e\u0434 1: 'dict' object has no attribute 'startswith'
WARNING:root:\u041d\u0435 \u0432\u0434\u0430\u043b\u043e\u0441\u044f \u043e\u0431\u0440\u043e\u0431\u0438\u0442\u0438 \u0435\u043f\u0456\u0437\u043e\u0434 2: 'dict' object has no attribute 'startswith'
WARNING:root:\u041d\u0435 \u0432\u0434\u0430\u043b\u043e\u0441\u044f \u043e\u0431\u0440\u043e\u0431\u0438\u0442\u0438 \u0435\u043f\u0456\u0437\u043e\u0434 3: 'dict' object has no attribute 'startswith'
WARNING:root:\u041d\u0435 \u0432\u0434\u0430\u043b\u043e\u0441\u044f \u043e\u0431\u0440\u043e\u0431\u0438\u0442\u0438 \u0435\u043f\u0456\u0437\u043e\u0434 4: 'dict' object has no attribute 'startswith'
WARNING:root:\u041d\u0435 \u0432\u0434\u0430\u043b\u043e\u0441\u044f \u043e\u0431\u0440\u043e\u0431\u0438\u0442\u0438 \u0435\u043f\u0456\u0437\u043e\u0434 5: 'dict' object has no attribute 'startswith'
WARNING:root:\u041d\u0435 \u0432\u0434\u0430\u043b\u043e\u0441\u044f \u043e\u0431\u0440\u043e\u0431\u0438\u0442\u0438 \u0435\u043f\u0456\u0437\u043e\u0434 6: 'dict' object has no attribute 'startswith'
WARNING:root:\u041d\u0435 \u0432\u0434\u0430\u043b\u043e\u0441\u044f \u043e\u0431\u0440\u043e\u0431\u0438\u0442\u0438 \u0435\u043f\u0456\u0437\u043e\u0434 7: 'dict' object has no attribute 'startswith'
WARNING:root:\u041d\u0435 \u0432\u0434\u0430\u043b\u043e\u0441\u044f \u043e\u0431\u0440\u043e\u0431\u0438\u0442\u0438 \u0435\u043f\u0456\u0437\u043e\u0434 8: 'dict' object has no attribute 'startswith'
WARNING:root:\u041d\u0435 \u0432\u0434\u0430\u043b\u043e\u0441\u044f \u043e\u0431\u0440\u043e\u0431\u0438\u0442\u0438 \u0435\u043f\u0456\u0437\u043e\u0434 1: 'dict' object has no attribute 'startswith'
WARNING:root:\u041d\u0435 \u0432\u0434\u0430\u043b\u043e\u0441\u044f \u043e\u0431\u0440\u043e\u0431\u0438\u0442\u0438 \u0435\u043f\u0456\u0437\u043e\u0434 2: 'dict' object has no attribute 'startswith'
WARNING:root:\u041d\u0435 \u0432\u0434\u0430\u043b\u043e\u0441\u044f \u043e\u0431\u0440\u043e\u0431\u0438\u0442\u0438 \u0435\u043f\u0456\u0437\u043e\u0434 3: 'dict' object has no attribute 'startswith'
WARNING:root:\u041d\u0435 \u0432\u0434\u0430\u043b\u043e\u0441\u044f \u043e\u0431\u0440\u043e\u0431\u0438\u0442\u0438 \u0435\u043f\u0456\u0437\u043e\u0434 4: 'dict' object has no attribute 'startswith'
WARNING:root:\u041d\u0435 \u0432\u0434\u0430\u043b\u043e\u0441\u044f \u043e\u0431\u0440\u043e\u0431\u0438\u0442\u0438 \u0435\u043f\u0456\u0437\u043e\u0434 5: 'dict' object has no attribute 'startswith'
WARNING:root:\u041d\u0435 \u0432\u0434\u0430\u043b\u043e\u0441\u044f \u043e\u0431\u0440\u043e\u0431\u0438\u0442\u0438 \u0435\u043f\u0456\u0437\u043e\u0434 6: 'dict' object has no attribute 'startswith'
WARNING:root:\u041d\u0435 \u0432\u0434\u0430\u043b\u043e\u0441\u044f \u043e\u0431\u0440\u043e\u0431\u0438\u0442\u0438 \u0435\u043f\u0456\u0437\u043e\u0434 7: 'dict' object has no attribute 'startswith'
WARNING:root:\u041d\u0435 \u0432\u0434\u0430\u043b\u043e\u0441\u044f \u043e\u0431\u0440\u043e\u0431\u0438\u0442\u0438 \u0435\u043f\u0456\u0437\u043e\u0434 8: 'dict' object has no attribute 'startswith'
ERROR:root:\u041f\u043e\u043c\u0438\u043b\u043a\u0430 \u043f\u0430\u0440\u0441\u0438\u043d\u0433\u0443: 'AnimeLoaderThread' object has no attribute '_save_data'
Traceback (most recent call last):
  File "C:\Users\samok\Desktop\personal_project\search_anime\search_anime(betaV4.0)\pars.py", line 121, in load_top_anime_week
    self._save_data(new_data, "rec_anime.json")
    ^^^^^^^^^^^^^^^
AttributeError: 'AnimeLoaderThread' object has no attribute '_save_data'
ERROR:root:\u041f\u043e\u043c\u0438\u043b\u043a\u0430 \u0437\u0430\u0432\u0430\u043d\u0442\u0430\u0436\u0435\u043d\u043d\u044f \u0432\u0438\u043f\u0430\u0434\u043a\u043e\u0432\u0438\u0445 \u0430\u043d\u0456\u043c\u0435: 412 Client Error: Precondition Failed for url: https://api.anilibria.tv/v3/title/random?limit=8
Traceback (most recent call last):
  File "C:\Users\samok\Desktop\personal_project\search_anime\search_anime(betaV4.0)\pars.py", line 135, in load_random_anime
    response.raise_for_status()
  File "C:\Program Files\Python312\Lib\site-packages\requests\models.py", line 1024, in raise_for_status
    raise HTTPError(http_error_msg, response=self)
requests.exceptions.HTTPError: 412 Client Error: Precondition Failed for url: https://api.anilibria.tv/v3/title/random?limit=8
ERROR:root:\u041f\u043e\u043c\u0438\u043b\u043a\u0430 \u0437\u0430\u0432\u0430\u043d\u0442\u0430\u0436\u0435\u043d\u043d\u044f \u0432\u0438\u043f\u0430\u0434\u043a\u043e\u0432\u0438\u0445 \u0430\u043d\u0456\u043c\u0435: 412 Client Error: Precondition Failed for url: https://api.anilibria.tv/v3/title/random?limit=8
Traceback (most recent call last):
  File "C:\Users\samok\Desktop\personal_project\search_anime\search_anime(betaV4.0)\pars.py", line 135, in load_random_anime
    response.raise_for_status()
  File "C:\Program Files\Python312\Lib\site-packages\requests\models.py", line 1024, in raise_for_status
    raise HTTPError(http_error_msg, response=self)
requests.exceptions.HTTPError: 412 Client Error: Precondition Failed for url: https://api.anilibria.tv/v3/title/random?limit=8
ERROR:root:\u041f\u043e\u043c\u0438\u043b\u043a\u0430 \u0437\u0430\u0432\u0430\u043d\u0442\u0430\u0436\u0435\u043d\u043d\u044f \u0432\u0438\u043f\u0430\u0434\u043a\u043e\u0432\u0438\u0445 \u0430\u043d\u0456\u043c\u0435: 412 Client Error: Precondition Failed for url: https://api.anilibria.tv/v3/title/random?limit=8
Traceback (most recent call last):
  File "C:\Users\samok\Desktop\personal_project\search_anime\search_anime(betaV4.0)\pars.py", line 40, in load_random_anime
    response.raise_for_status()
  File "C:\Program Files\Python312\Lib\site-packages\requests\models.py", line 1024, in raise_for_status
    raise HTTPError(http_error_msg, response=self)
requests.exceptions.HTTPError: 412 Client Error: Precondition Failed for url: https://api.anilibria.tv/v3/title/random?limit=8
ERROR:root:Network error: 412 Client Error: Precondition Failed for url: https://api.anilibria.tv/v3/title/random?limit=8
ERROR:root:Error in thread: 412 Client Error: Precondition Failed for url: https://api.anilibria.tv/v3/title/random?limit=8
Traceback (most recent call last):
  File "C:\Users\samok\Desktop\personal_project\search_anime\search_anime(betaV4.0)\pars.py", line 25, in run
    data = self.load_random_anime(count=8)
           ^^^^^^^^^^^^^^^^^^^^^^^^^^^^^^^
  File "C:\Users\samok\Desktop\personal_project\search_anime\search_anime(betaV4.0)\pars.py", line 40, in load_random_anime
    response.raise_for_status()
  File "C:\Program Files\Python312\Lib\site-packages\requests\models.py", line 1024, in raise_for_status
    raise HTTPError(http_error_msg, response=self)
requests.exceptions.HTTPError: 412 Client Error: Precondition Failed for url: https://api.anilibria.tv/v3/title/random?limit=8
ERROR:root:Network error: 412 Client Error: Precondition Failed for url: https://api.anilibria.tv/v3/title/random?limit=8
ERROR:root:Error in thread: 412 Client Error: Precondition Failed for url: https://api.anilibria.tv/v3/title/random?limit=8
Traceback (most recent call last):
  File "C:\Users\samok\Desktop\personal_project\search_anime\search_anime(betaV4.0)\pars.py", line 25, in run
    data = self.load_random_anime(count=8)
           ^^^^^^^^^^^^^^^^^^^^^^^^^^^^^^^
  File "C:\Users\samok\Desktop\personal_project\search_anime\search_anime(betaV4.0)\pars.py", line 40, in load_random_anime
    response.raise_for_status()
  File "C:\Program Files\Python312\Lib\site-packages\requests\models.py", line 1024, in raise_for_status
    raise HTTPError(http_error_msg, response=self)
requests.exceptions.HTTPError: 412 Client Error: Precondition Failed for url: https://api.anilibria.tv/v3/title/random?limit=8
ERROR:root:Network error: 412 Client Error: Precondition Failed for url: https://api.anilibria.tv/v3/title/random?limit=8
ERROR:root:Error in thread: 412 Client Error: Precondition Failed for url: https://api.anilibria.tv/v3/title/random?limit=8
Traceback (most recent call last):
  File "C:\Users\samok\Desktop\personal_project\search_anime\search_anime(betaV4.0)\pars.py", line 25, in run
    data = self.load_random_anime(count=8)
           ^^^^^^^^^^^^^^^^^^^^^^^^^^^^^^^
  File "C:\Users\samok\Desktop\personal_project\search_anime\search_anime(betaV4.0)\pars.py", line 40, in load_random_anime
    response.raise_for_status()
  File "C:\Program Files\Python312\Lib\site-packages\requests\models.py", line 1024, in raise_for_status
    raise HTTPError(http_error_msg, response=self)
requests.exceptions.HTTPError: 412 Client Error: Precondition Failed for url: https://api.anilibria.tv/v3/title/random?limit=8
ERROR:root:Network error: 412 Client Error: Precondition Failed for url: https://api.anilibria.tv/v3/title/random?limit=8
ERROR:root:Error in thread: 412 Client Error: Precondition Failed for url: https://api.anilibria.tv/v3/title/random?limit=8
Traceback (most recent call last):
  File "C:\Users\samok\Desktop\personal_project\search_anime\search_anime(betaV4.0)\pars.py", line 25, in run
    data = self.load_random_anime(count=8)
           ^^^^^^^^^^^^^^^^^^^^^^^^^^^^^^^
  File "C:\Users\samok\Desktop\personal_project\search_anime\search_anime(betaV4.0)\pars.py", line 40, in load_random_anime
    response.raise_for_status()
  File "C:\Program Files\Python312\Lib\site-packages\requests\models.py", line 1024, in raise_for_status
    raise HTTPError(http_error_msg, response=self)
requests.exceptions.HTTPError: 412 Client Error: Precondition Failed for url: https://api.anilibria.tv/v3/title/random?limit=8
ERROR:root:Network error: 412 Client Error: Precondition Failed for url: https://api.anilibria.tv/v3/title/random?limit=8
ERROR:root:Error in thread: 412 Client Error: Precondition Failed for url: https://api.anilibria.tv/v3/title/random?limit=8
Traceback (most recent call last):
  File "C:\Users\samok\Desktop\personal_project\search_anime\search_anime(betaV4.0)\pars.py", line 26, in run
    data = self.load_random_anime(count=8)
           ^^^^^^^^^^^^^^^^^^^^^^^^^^^^^^^
  File "C:\Users\samok\Desktop\personal_project\search_anime\search_anime(betaV4.0)\pars.py", line 41, in load_random_anime
    response.raise_for_status()
  File "C:\Program Files\Python312\Lib\site-packages\requests\models.py", line 1024, in raise_for_status
    raise HTTPError(http_error_msg, response=self)
requests.exceptions.HTTPError: 412 Client Error: Precondition Failed for url: https://api.anilibria.tv/v3/title/random?limit=8
